<?xml version="1.0" encoding="UTF-8"?>
<testsuite xmlns:xsi="http://www.w3.org/2001/XMLSchema-instance" xsi:noNamespaceSchemaLocation="https://maven.apache.org/surefire/maven-surefire-plugin/xsd/surefire-test-report-3.0.xsd" version="3.0" name="com.auction.server.service.AutoBidServiceTest" time="0.009" tests="2" errors="0" skipped="0" failures="0">
  <properties>
[...]
</properties>
  <testcase name="testSingletonInstance" classname="com.auction.server.service.AutoBidServiceTest" time="0.002"/>
  <testcase name="testStartAndStopService" classname="com.auction.server.service.AutoBidServiceTest" time="0.004">
    <system-out><![CDATA[AutoBidService: Hệ thống luồng tự động đặt giá đã khởi chạy!
AutoBidService: Đã tắt.
]]></system-out>
  </testcase>
</testsuite>